<?xml version="1.0" encoding="UTF-8"?>
<!-- Generated by org.testng.reporters.JUnitReportReporter -->
<testsuite skipped="0" hostname="LAPTOP-Q8MNOH0N" name="com.testScripts.SearchTv" tests="2" failures="0" timestamp="2020-08-31T00:15:59 IST" time="44.283" errors="0">
  <testcase name="tv" time="19.920" classname="com.testScripts.SearchTv"/>
  <system-out/>
  <testcase name="tv1" time="24.363" classname="com.testScripts.SearchTv"/>
  <system-out/>
</testsuite> <!-- com.testScripts.SearchTv -->
